0 info it worked if it ends with ok
1 verbose cli [
1 verbose cli   '/Users/jiu/.nvm/versions/node/v14.18.3/bin/node',
1 verbose cli   '/Users/jiu/.nvm/versions/node/v14.18.3/bin/npm',
1 verbose cli   'run',
1 verbose cli   'storybook'
1 verbose cli ]
2 info using npm@6.14.15
3 info using node@v14.18.3
4 verbose run-script [ 'prestorybook', 'storybook', 'poststorybook' ]
5 info lifecycle intro-storybook-react-template@0.1.0~prestorybook: intro-storybook-react-template@0.1.0
6 info lifecycle intro-storybook-react-template@0.1.0~storybook: intro-storybook-react-template@0.1.0
7 verbose lifecycle intro-storybook-react-template@0.1.0~storybook: unsafe-perm in lifecycle true
8 verbose lifecycle intro-storybook-react-template@0.1.0~storybook: PATH: /Users/jiu/.nvm/versions/node/v14.18.3/lib/node_modules/npm/node_modules/npm-lifecycle/node-gyp-bin:/Users/jiu/sb-loader/taskbox/node_modules/.bin:/Users/jiu/.nvm/versions/node/v14.18.3/bin:/usr/local/bin:/usr/bin:/bin:/usr/sbin:/sbin:/usr/local/share/dotnet:~/.dotnet/tools:/Library/Frameworks/Mono.framework/Versions/Current/Commands:/Users/jiu/.nvm/versions/node/v14.18.3/bin
9 verbose lifecycle intro-storybook-react-template@0.1.0~storybook: CWD: /Users/jiu/sb-loader/taskbox
10 silly lifecycle intro-storybook-react-template@0.1.0~storybook: Args: [ '-c', 'start-storybook -p 6006' ]
11 silly lifecycle intro-storybook-react-template@0.1.0~storybook: Returned: code: 1  signal: null
12 info lifecycle intro-storybook-react-template@0.1.0~storybook: Failed to exec storybook script
13 verbose stack Error: intro-storybook-react-template@0.1.0 storybook: `start-storybook -p 6006`
13 verbose stack Exit status 1
13 verbose stack     at EventEmitter.<anonymous> (/Users/jiu/.nvm/versions/node/v14.18.3/lib/node_modules/npm/node_modules/npm-lifecycle/index.js:332:16)
13 verbose stack     at EventEmitter.emit (events.js:400:28)
13 verbose stack     at ChildProcess.<anonymous> (/Users/jiu/.nvm/versions/node/v14.18.3/lib/node_modules/npm/node_modules/npm-lifecycle/lib/spawn.js:55:14)
13 verbose stack     at ChildProcess.emit (events.js:400:28)
13 verbose stack     at maybeClose (internal/child_process.js:1058:16)
13 verbose stack     at Process.ChildProcess._handle.onexit (internal/child_process.js:293:5)
14 verbose pkgid intro-storybook-react-template@0.1.0
15 verbose cwd /Users/jiu/sb-loader/taskbox
16 verbose Darwin 20.6.0
17 verbose argv "/Users/jiu/.nvm/versions/node/v14.18.3/bin/node" "/Users/jiu/.nvm/versions/node/v14.18.3/bin/npm" "run" "storybook"
18 verbose node v14.18.3
19 verbose npm  v6.14.15
20 error code ELIFECYCLE
21 error errno 1
22 error intro-storybook-react-template@0.1.0 storybook: `start-storybook -p 6006`
22 error Exit status 1
23 error Failed at the intro-storybook-react-template@0.1.0 storybook script.
23 error This is probably not a problem with npm. There is likely additional logging output above.
24 verbose exit [ 1, true ]
