0 info it worked if it ends with ok
1 verbose cli [
1 verbose cli   '/Users/jiu/.nvm/versions/node/v14.18.3/bin/node',
1 verbose cli   '/Users/jiu/.nvm/versions/node/v14.18.3/bin/npm',
1 verbose cli   'run',
1 verbose cli   'storybook'
1 verbose cli ]
2 info using npm@6.14.15
3 info using node@v14.18.3
4 verbose run-script [ 'prestorybook', 'storybook', 'poststorybook' ]
5 info lifecycle intro-storybook-react-template@0.1.0~prestorybook: intro-storybook-react-template@0.1.0
6 info lifecycle intro-storybook-react-template@0.1.0~storybook: intro-storybook-react-template@0.1.0
7 verbose lifecycle intro-storybook-react-template@0.1.0~storybook: unsafe-perm in lifecycle true
8 verbose lifecycle intro-storybook-react-template@0.1.0~storybook: PATH: /Users/jiu/.nvm/versions/node/v14.18.3/lib/node_modules/npm/node_modules/npm-lifecycle/node-gyp-bin:/Users/jiu/sb-loader/taskbox/node_modules/.bin:/Users/jiu/.nvm/versions/node/v14.18.3/bin:/usr/local/bin:/usr/bin:/bin:/usr/sbin:/sbin:/usr/local/share/dotnet:~/.dotnet/tools:/Library/Frameworks/Mono.framework/Versions/Current/Commands:/Users/jiu/.nvm/versions/node/v14.18.3/bin
9 verbose lifecycle intro-storybook-react-template@0.1.0~storybook: CWD: /Users/jiu/sb-loader/taskbox
10 silly lifecycle intro-storybook-react-template@0.1.0~storybook: Args: [ '-c', 'start-storybook -p 6006' ]
11 timing npm Completed in 50671823ms
12 error cb() never called!
13 error This is an error with npm itself. Please report this error at:
14 error <https://npm.community>
